2025-02-23T16:08:10.789+02:00  INFO 8500 --- [AllianceSeedsApi] [main] c.allianceseeds.api.BackendApplication   : Starting BackendApplication using Java 19.0.2 with PID 8500 (C:\pHome\Projects\allianceSeeds\AllianceSeeds-backend\target\classes started by Justin Smith in C:\pHome\Projects\allianceSeeds\AllianceSeeds-backend)
2025-02-23T16:08:10.803+02:00  INFO 8500 --- [AllianceSeedsApi] [main] c.allianceseeds.api.BackendApplication   : No active profile set, falling back to 1 default profile: "default"
2025-02-23T16:08:12.461+02:00  INFO 8500 --- [AllianceSeedsApi] [main] .s.d.r.c.RepositoryConfigurationDelegate : Bootstrapping Spring Data JPA repositories in DEFAULT mode.
2025-02-23T16:08:12.595+02:00  INFO 8500 --- [AllianceSeedsApi] [main] .s.d.r.c.RepositoryConfigurationDelegate : Finished Spring Data repository scanning in 116 ms. Found 3 JPA repository interfaces.
2025-02-23T16:08:14.121+02:00  INFO 8500 --- [AllianceSeedsApi] [main] o.s.b.w.embedded.tomcat.TomcatWebServer  : Tomcat initialized with port 9091 (http)
2025-02-23T16:08:14.140+02:00  INFO 8500 --- [AllianceSeedsApi] [main] o.apache.catalina.core.StandardService   : Starting service [Tomcat]
2025-02-23T16:08:14.141+02:00  INFO 8500 --- [AllianceSeedsApi] [main] o.apache.catalina.core.StandardEngine    : Starting Servlet engine: [Apache Tomcat/10.1.19]
2025-02-23T16:08:14.261+02:00  INFO 8500 --- [AllianceSeedsApi] [main] o.a.c.c.C.[.[localhost].[/api/v1]        : Initializing Spring embedded WebApplicationContext
2025-02-23T16:08:14.261+02:00  INFO 8500 --- [AllianceSeedsApi] [main] w.s.c.ServletWebServerApplicationContext : Root WebApplicationContext: initialization completed in 3334 ms
2025-02-23T16:08:15.188+02:00  INFO 8500 --- [AllianceSeedsApi] [main] o.f.c.internal.license.VersionPrinter    : Flyway Community Edition 9.22.3 by Redgate
2025-02-23T16:08:15.189+02:00  INFO 8500 --- [AllianceSeedsApi] [main] o.f.c.internal.license.VersionPrinter    : See release notes here: https://rd.gt/416ObMi
2025-02-23T16:08:15.189+02:00  INFO 8500 --- [AllianceSeedsApi] [main] o.f.c.internal.license.VersionPrinter    : 
2025-02-23T16:08:15.262+02:00  INFO 8500 --- [AllianceSeedsApi] [main] org.flywaydb.core.FlywayExecutor         : Database: jdbc:postgresql://localhost:5432/allianceSeeds (PostgreSQL 14.13)
2025-02-23T16:08:15.388+02:00  INFO 8500 --- [AllianceSeedsApi] [main] o.f.core.internal.command.DbValidate     : Successfully validated 1 migration (execution time 00:00.048s)
2025-02-23T16:08:15.495+02:00  INFO 8500 --- [AllianceSeedsApi] [main] o.f.core.internal.command.DbMigrate      : Current version of schema "public": 1
2025-02-23T16:08:15.519+02:00  INFO 8500 --- [AllianceSeedsApi] [main] o.f.core.internal.command.DbMigrate      : Schema "public" is up to date. No migration necessary.
2025-02-23T16:08:15.699+02:00  INFO 8500 --- [AllianceSeedsApi] [main] com.zaxxer.hikari.HikariDataSource       : HikariPool-1 - Starting...
2025-02-23T16:08:15.776+02:00  INFO 8500 --- [AllianceSeedsApi] [main] com.zaxxer.hikari.pool.HikariPool        : HikariPool-1 - Added connection org.postgresql.jdbc.PgConnection@6ed18d80
2025-02-23T16:08:15.777+02:00  INFO 8500 --- [AllianceSeedsApi] [main] com.zaxxer.hikari.HikariDataSource       : HikariPool-1 - Start completed.
2025-02-23T16:08:15.871+02:00  INFO 8500 --- [AllianceSeedsApi] [main] o.hibernate.jpa.internal.util.LogHelper  : HHH000204: Processing PersistenceUnitInfo [name: default]
2025-02-23T16:08:16.074+02:00  INFO 8500 --- [AllianceSeedsApi] [main] org.hibernate.Version                    : HHH000412: Hibernate ORM core version 6.4.4.Final
2025-02-23T16:08:16.179+02:00  INFO 8500 --- [AllianceSeedsApi] [main] o.h.c.internal.RegionFactoryInitiator    : HHH000026: Second-level cache disabled
2025-02-23T16:08:16.727+02:00  INFO 8500 --- [AllianceSeedsApi] [main] o.s.o.j.p.SpringPersistenceUnitInfo      : No LoadTimeWeaver setup: ignoring JPA class transformer
2025-02-23T16:08:18.237+02:00  INFO 8500 --- [AllianceSeedsApi] [main] o.h.e.t.j.p.i.JtaPlatformInitiator       : HHH000489: No JTA platform available (set 'hibernate.transaction.jta.platform' to enable JTA platform integration)
2025-02-23T16:08:18.326+02:00  INFO 8500 --- [AllianceSeedsApi] [main] j.LocalContainerEntityManagerFactoryBean : Initialized JPA EntityManagerFactory for persistence unit 'default'
2025-02-23T16:08:19.164+02:00  WARN 8500 --- [AllianceSeedsApi] [main] JpaBaseConfiguration$JpaWebConfiguration : spring.jpa.open-in-view is enabled by default. Therefore, database queries may be performed during view rendering. Explicitly configure spring.jpa.open-in-view to disable this warning
2025-02-23T16:08:20.380+02:00  INFO 8500 --- [AllianceSeedsApi] [main] o.s.s.web.DefaultSecurityFilterChain     : Will secure any request with [org.springframework.security.web.session.DisableEncodeUrlFilter@5257123d, org.springframework.security.web.context.request.async.WebAsyncManagerIntegrationFilter@261c5d1f, org.springframework.security.web.context.SecurityContextHolderFilter@2688b2be, org.springframework.security.web.header.HeaderWriterFilter@58fbecde, org.springframework.web.filter.CorsFilter@570089c4, org.springframework.security.web.authentication.logout.LogoutFilter@1bdb6b36, org.springframework.security.oauth2.server.resource.web.authentication.BearerTokenAuthenticationFilter@75c095a5, org.springframework.security.web.savedrequest.RequestCacheAwareFilter@3344c1d7, org.springframework.security.web.servletapi.SecurityContextHolderAwareRequestFilter@73b034ca, org.springframework.security.web.authentication.AnonymousAuthenticationFilter@409df37d, org.springframework.security.web.session.SessionManagementFilter@66be0e72, org.springframework.security.web.access.ExceptionTranslationFilter@2e778abb, org.springframework.security.web.access.intercept.AuthorizationFilter@5c438795]
2025-02-23T16:08:21.113+02:00  INFO 8500 --- [AllianceSeedsApi] [main] o.s.b.w.embedded.tomcat.TomcatWebServer  : Tomcat started on port 9091 (http) with context path '/api/v1'
2025-02-23T16:08:21.128+02:00  INFO 8500 --- [AllianceSeedsApi] [main] c.allianceseeds.api.BackendApplication   : Started BackendApplication in 11.444 seconds (process running for 12.36)
2025-02-23T16:14:44.068+02:00  INFO 8500 --- [AllianceSeedsApi] [http-nio-9091-exec-1] o.a.c.c.C.[.[localhost].[/api/v1]        : Initializing Spring DispatcherServlet 'dispatcherServlet'
2025-02-23T16:14:44.069+02:00  INFO 8500 --- [AllianceSeedsApi] [http-nio-9091-exec-1] o.s.web.servlet.DispatcherServlet        : Initializing Servlet 'dispatcherServlet'
2025-02-23T16:14:44.073+02:00  INFO 8500 --- [AllianceSeedsApi] [http-nio-9091-exec-1] o.s.web.servlet.DispatcherServlet        : Completed initialization in 2 ms
2025-02-23T16:24:19.534+02:00  INFO 8500 --- [AllianceSeedsApi] [SpringApplicationShutdownHook] j.LocalContainerEntityManagerFactoryBean : Closing JPA EntityManagerFactory for persistence unit 'default'
2025-02-23T16:24:19.537+02:00  INFO 8500 --- [AllianceSeedsApi] [SpringApplicationShutdownHook] com.zaxxer.hikari.HikariDataSource       : HikariPool-1 - Shutdown initiated...
2025-02-23T16:24:19.540+02:00  INFO 8500 --- [AllianceSeedsApi] [SpringApplicationShutdownHook] com.zaxxer.hikari.HikariDataSource       : HikariPool-1 - Shutdown completed.
2025-02-23T16:24:28.126+02:00  INFO 3636 --- [AllianceSeedsApi] [main] c.allianceseeds.api.BackendApplication   : Starting BackendApplication using Java 19.0.2 with PID 3636 (C:\pHome\Projects\allianceSeeds\AllianceSeeds-backend\target\classes started by Justin Smith in C:\pHome\Projects\allianceSeeds\AllianceSeeds-backend)
2025-02-23T16:24:28.132+02:00  INFO 3636 --- [AllianceSeedsApi] [main] c.allianceseeds.api.BackendApplication   : No active profile set, falling back to 1 default profile: "default"
2025-02-23T16:24:29.209+02:00  INFO 3636 --- [AllianceSeedsApi] [main] .s.d.r.c.RepositoryConfigurationDelegate : Bootstrapping Spring Data JPA repositories in DEFAULT mode.
2025-02-23T16:24:29.284+02:00  INFO 3636 --- [AllianceSeedsApi] [main] .s.d.r.c.RepositoryConfigurationDelegate : Finished Spring Data repository scanning in 67 ms. Found 3 JPA repository interfaces.
2025-02-23T16:24:30.873+02:00  INFO 3636 --- [AllianceSeedsApi] [main] o.s.b.w.embedded.tomcat.TomcatWebServer  : Tomcat initialized with port 9091 (http)
2025-02-23T16:24:30.895+02:00  INFO 3636 --- [AllianceSeedsApi] [main] o.apache.catalina.core.StandardService   : Starting service [Tomcat]
2025-02-23T16:24:30.896+02:00  INFO 3636 --- [AllianceSeedsApi] [main] o.apache.catalina.core.StandardEngine    : Starting Servlet engine: [Apache Tomcat/10.1.19]
2025-02-23T16:24:30.979+02:00  INFO 3636 --- [AllianceSeedsApi] [main] o.a.c.c.C.[.[localhost].[/api/v1]        : Initializing Spring embedded WebApplicationContext
2025-02-23T16:24:30.980+02:00  INFO 3636 --- [AllianceSeedsApi] [main] w.s.c.ServletWebServerApplicationContext : Root WebApplicationContext: initialization completed in 2732 ms
2025-02-23T16:24:31.734+02:00  INFO 3636 --- [AllianceSeedsApi] [main] o.f.c.internal.license.VersionPrinter    : Flyway Community Edition 9.22.3 by Redgate
2025-02-23T16:24:31.735+02:00  INFO 3636 --- [AllianceSeedsApi] [main] o.f.c.internal.license.VersionPrinter    : See release notes here: https://rd.gt/416ObMi
2025-02-23T16:24:31.736+02:00  INFO 3636 --- [AllianceSeedsApi] [main] o.f.c.internal.license.VersionPrinter    : 
2025-02-23T16:24:31.832+02:00  INFO 3636 --- [AllianceSeedsApi] [main] org.flywaydb.core.FlywayExecutor         : Database: jdbc:postgresql://localhost:5432/allianceSeeds (PostgreSQL 14.13)
2025-02-23T16:24:31.935+02:00  INFO 3636 --- [AllianceSeedsApi] [main] o.f.core.internal.command.DbValidate     : Successfully validated 1 migration (execution time 00:00.060s)
2025-02-23T16:24:32.050+02:00  INFO 3636 --- [AllianceSeedsApi] [main] o.f.core.internal.command.DbMigrate      : Current version of schema "public": 1
2025-02-23T16:24:32.063+02:00  INFO 3636 --- [AllianceSeedsApi] [main] o.f.core.internal.command.DbMigrate      : Schema "public" is up to date. No migration necessary.
2025-02-23T16:24:32.230+02:00  INFO 3636 --- [AllianceSeedsApi] [main] com.zaxxer.hikari.HikariDataSource       : HikariPool-1 - Starting...
2025-02-23T16:24:32.300+02:00  INFO 3636 --- [AllianceSeedsApi] [main] com.zaxxer.hikari.pool.HikariPool        : HikariPool-1 - Added connection org.postgresql.jdbc.PgConnection@79ab97fd
2025-02-23T16:24:32.303+02:00  INFO 3636 --- [AllianceSeedsApi] [main] com.zaxxer.hikari.HikariDataSource       : HikariPool-1 - Start completed.
2025-02-23T16:24:32.410+02:00  INFO 3636 --- [AllianceSeedsApi] [main] o.hibernate.jpa.internal.util.LogHelper  : HHH000204: Processing PersistenceUnitInfo [name: default]
2025-02-23T16:24:32.643+02:00  INFO 3636 --- [AllianceSeedsApi] [main] org.hibernate.Version                    : HHH000412: Hibernate ORM core version 6.4.4.Final
2025-02-23T16:24:32.790+02:00  INFO 3636 --- [AllianceSeedsApi] [main] o.h.c.internal.RegionFactoryInitiator    : HHH000026: Second-level cache disabled
2025-02-23T16:24:33.258+02:00  INFO 3636 --- [AllianceSeedsApi] [main] o.s.o.j.p.SpringPersistenceUnitInfo      : No LoadTimeWeaver setup: ignoring JPA class transformer
2025-02-23T16:24:34.482+02:00  INFO 3636 --- [AllianceSeedsApi] [main] o.h.e.t.j.p.i.JtaPlatformInitiator       : HHH000489: No JTA platform available (set 'hibernate.transaction.jta.platform' to enable JTA platform integration)
2025-02-23T16:24:34.547+02:00  INFO 3636 --- [AllianceSeedsApi] [main] j.LocalContainerEntityManagerFactoryBean : Initialized JPA EntityManagerFactory for persistence unit 'default'
2025-02-23T16:24:35.431+02:00  WARN 3636 --- [AllianceSeedsApi] [main] JpaBaseConfiguration$JpaWebConfiguration : spring.jpa.open-in-view is enabled by default. Therefore, database queries may be performed during view rendering. Explicitly configure spring.jpa.open-in-view to disable this warning
2025-02-23T16:24:36.682+02:00  INFO 3636 --- [AllianceSeedsApi] [main] o.s.s.web.DefaultSecurityFilterChain     : Will secure any request with [org.springframework.security.web.session.DisableEncodeUrlFilter@495a9305, org.springframework.security.web.context.request.async.WebAsyncManagerIntegrationFilter@6a0a0f12, org.springframework.security.web.context.SecurityContextHolderFilter@6b6bae60, org.springframework.security.web.header.HeaderWriterFilter@1b641c97, org.springframework.web.filter.CorsFilter@b6fea12, org.springframework.security.web.authentication.logout.LogoutFilter@109f95b1, org.springframework.security.oauth2.server.resource.web.authentication.BearerTokenAuthenticationFilter@4d25943d, org.springframework.security.web.savedrequest.RequestCacheAwareFilter@66be0e72, org.springframework.security.web.servletapi.SecurityContextHolderAwareRequestFilter@38276668, org.springframework.security.web.authentication.AnonymousAuthenticationFilter@75c095a5, org.springframework.security.web.session.SessionManagementFilter@158b8d10, org.springframework.security.web.access.ExceptionTranslationFilter@2719139f, org.springframework.security.web.access.intercept.AuthorizationFilter@75f9a35a]
2025-02-23T16:24:37.459+02:00  INFO 3636 --- [AllianceSeedsApi] [main] o.s.b.w.embedded.tomcat.TomcatWebServer  : Tomcat started on port 9091 (http) with context path '/api/v1'
2025-02-23T16:24:37.478+02:00  INFO 3636 --- [AllianceSeedsApi] [main] c.allianceseeds.api.BackendApplication   : Started BackendApplication in 10.295 seconds (process running for 11.049)
2025-02-23T16:24:44.956+02:00  INFO 3636 --- [AllianceSeedsApi] [http-nio-9091-exec-1] o.a.c.c.C.[.[localhost].[/api/v1]        : Initializing Spring DispatcherServlet 'dispatcherServlet'
2025-02-23T16:24:44.957+02:00  INFO 3636 --- [AllianceSeedsApi] [http-nio-9091-exec-1] o.s.web.servlet.DispatcherServlet        : Initializing Servlet 'dispatcherServlet'
2025-02-23T16:24:44.958+02:00  INFO 3636 --- [AllianceSeedsApi] [http-nio-9091-exec-1] o.s.web.servlet.DispatcherServlet        : Completed initialization in 1 ms
2025-02-23T17:11:12.851+02:00  INFO 3636 --- [AllianceSeedsApi] [SpringApplicationShutdownHook] j.LocalContainerEntityManagerFactoryBean : Closing JPA EntityManagerFactory for persistence unit 'default'
2025-02-23T17:11:12.859+02:00  INFO 3636 --- [AllianceSeedsApi] [SpringApplicationShutdownHook] com.zaxxer.hikari.HikariDataSource       : HikariPool-1 - Shutdown initiated...
2025-02-23T17:11:12.875+02:00  INFO 3636 --- [AllianceSeedsApi] [SpringApplicationShutdownHook] com.zaxxer.hikari.HikariDataSource       : HikariPool-1 - Shutdown completed.
2025-02-23T17:29:15.800+02:00  INFO 25960 --- [AllianceSeedsApi] [main] c.allianceseeds.api.BackendApplication   : Starting BackendApplication using Java 19.0.2 with PID 25960 (C:\pHome\Projects\allianceSeeds\AllianceSeeds-backend\target\classes started by Justin Smith in C:\pHome\Projects\allianceSeeds\AllianceSeeds-backend)
2025-02-23T17:29:15.806+02:00  INFO 25960 --- [AllianceSeedsApi] [main] c.allianceseeds.api.BackendApplication   : No active profile set, falling back to 1 default profile: "default"
2025-02-23T17:29:17.701+02:00  INFO 25960 --- [AllianceSeedsApi] [main] .s.d.r.c.RepositoryConfigurationDelegate : Bootstrapping Spring Data JPA repositories in DEFAULT mode.
2025-02-23T17:29:17.849+02:00  INFO 25960 --- [AllianceSeedsApi] [main] .s.d.r.c.RepositoryConfigurationDelegate : Finished Spring Data repository scanning in 127 ms. Found 3 JPA repository interfaces.
2025-02-23T17:29:19.588+02:00  INFO 25960 --- [AllianceSeedsApi] [main] o.s.b.w.embedded.tomcat.TomcatWebServer  : Tomcat initialized with port 9091 (http)
2025-02-23T17:29:19.613+02:00  INFO 25960 --- [AllianceSeedsApi] [main] o.apache.catalina.core.StandardService   : Starting service [Tomcat]
2025-02-23T17:29:19.614+02:00  INFO 25960 --- [AllianceSeedsApi] [main] o.apache.catalina.core.StandardEngine    : Starting Servlet engine: [Apache Tomcat/10.1.19]
2025-02-23T17:29:19.738+02:00  INFO 25960 --- [AllianceSeedsApi] [main] o.a.c.c.C.[.[localhost].[/api/v1]        : Initializing Spring embedded WebApplicationContext
2025-02-23T17:29:19.738+02:00  INFO 25960 --- [AllianceSeedsApi] [main] w.s.c.ServletWebServerApplicationContext : Root WebApplicationContext: initialization completed in 3799 ms
2025-02-23T17:29:20.520+02:00  INFO 25960 --- [AllianceSeedsApi] [main] o.f.c.internal.license.VersionPrinter    : Flyway Community Edition 9.22.3 by Redgate
2025-02-23T17:29:20.520+02:00  INFO 25960 --- [AllianceSeedsApi] [main] o.f.c.internal.license.VersionPrinter    : See release notes here: https://rd.gt/416ObMi
2025-02-23T17:29:20.521+02:00  INFO 25960 --- [AllianceSeedsApi] [main] o.f.c.internal.license.VersionPrinter    : 
2025-02-23T17:29:20.586+02:00  INFO 25960 --- [AllianceSeedsApi] [main] org.flywaydb.core.FlywayExecutor         : Database: jdbc:postgresql://localhost:5432/allianceSeeds (PostgreSQL 14.13)
2025-02-23T17:29:20.684+02:00  INFO 25960 --- [AllianceSeedsApi] [main] o.f.core.internal.command.DbValidate     : Successfully validated 1 migration (execution time 00:00.052s)
2025-02-23T17:29:20.787+02:00  INFO 25960 --- [AllianceSeedsApi] [main] o.f.core.internal.command.DbMigrate      : Current version of schema "public": 1
2025-02-23T17:29:20.797+02:00  INFO 25960 --- [AllianceSeedsApi] [main] o.f.core.internal.command.DbMigrate      : Schema "public" is up to date. No migration necessary.
2025-02-23T17:29:20.961+02:00  INFO 25960 --- [AllianceSeedsApi] [main] com.zaxxer.hikari.HikariDataSource       : HikariPool-1 - Starting...
2025-02-23T17:29:21.022+02:00  INFO 25960 --- [AllianceSeedsApi] [main] com.zaxxer.hikari.pool.HikariPool        : HikariPool-1 - Added connection org.postgresql.jdbc.PgConnection@1578fa9
2025-02-23T17:29:21.027+02:00  INFO 25960 --- [AllianceSeedsApi] [main] com.zaxxer.hikari.HikariDataSource       : HikariPool-1 - Start completed.
2025-02-23T17:29:21.161+02:00  INFO 25960 --- [AllianceSeedsApi] [main] o.hibernate.jpa.internal.util.LogHelper  : HHH000204: Processing PersistenceUnitInfo [name: default]
2025-02-23T17:29:21.363+02:00  INFO 25960 --- [AllianceSeedsApi] [main] org.hibernate.Version                    : HHH000412: Hibernate ORM core version 6.4.4.Final
2025-02-23T17:29:21.474+02:00  INFO 25960 --- [AllianceSeedsApi] [main] o.h.c.internal.RegionFactoryInitiator    : HHH000026: Second-level cache disabled
2025-02-23T17:29:22.011+02:00  INFO 25960 --- [AllianceSeedsApi] [main] o.s.o.j.p.SpringPersistenceUnitInfo      : No LoadTimeWeaver setup: ignoring JPA class transformer
2025-02-23T17:29:23.548+02:00  INFO 25960 --- [AllianceSeedsApi] [main] o.h.e.t.j.p.i.JtaPlatformInitiator       : HHH000489: No JTA platform available (set 'hibernate.transaction.jta.platform' to enable JTA platform integration)
2025-02-23T17:29:23.630+02:00  INFO 25960 --- [AllianceSeedsApi] [main] j.LocalContainerEntityManagerFactoryBean : Initialized JPA EntityManagerFactory for persistence unit 'default'
2025-02-23T17:29:24.425+02:00  WARN 25960 --- [AllianceSeedsApi] [main] JpaBaseConfiguration$JpaWebConfiguration : spring.jpa.open-in-view is enabled by default. Therefore, database queries may be performed during view rendering. Explicitly configure spring.jpa.open-in-view to disable this warning
2025-02-23T17:29:25.473+02:00  INFO 25960 --- [AllianceSeedsApi] [main] o.s.s.web.DefaultSecurityFilterChain     : Will secure any request with [org.springframework.security.web.session.DisableEncodeUrlFilter@259f0fdb, org.springframework.security.web.context.request.async.WebAsyncManagerIntegrationFilter@655d5285, org.springframework.security.web.context.SecurityContextHolderFilter@40e41f88, org.springframework.security.web.header.HeaderWriterFilter@6f0df74, org.springframework.web.filter.CorsFilter@36f1bd7e, org.springframework.security.web.authentication.logout.LogoutFilter@73b034ca, org.springframework.security.oauth2.server.resource.web.authentication.BearerTokenAuthenticationFilter@381d7c4c, org.springframework.security.web.savedrequest.RequestCacheAwareFilter@4d86f330, org.springframework.security.web.servletapi.SecurityContextHolderAwareRequestFilter@1e8b0ab5, org.springframework.security.web.authentication.AnonymousAuthenticationFilter@1c2273f6, org.springframework.security.web.session.SessionManagementFilter@46c093b4, org.springframework.security.web.access.ExceptionTranslationFilter@4ceb368b, org.springframework.security.web.access.intercept.AuthorizationFilter@13563e64]
2025-02-23T17:29:26.109+02:00  INFO 25960 --- [AllianceSeedsApi] [main] o.s.b.w.embedded.tomcat.TomcatWebServer  : Tomcat started on port 9091 (http) with context path '/api/v1'
2025-02-23T17:29:26.123+02:00  INFO 25960 --- [AllianceSeedsApi] [main] c.allianceseeds.api.BackendApplication   : Started BackendApplication in 11.557 seconds (process running for 12.58)
2025-02-23T17:29:48.699+02:00  INFO 25960 --- [AllianceSeedsApi] [http-nio-9091-exec-1] o.a.c.c.C.[.[localhost].[/api/v1]        : Initializing Spring DispatcherServlet 'dispatcherServlet'
2025-02-23T17:29:48.699+02:00  INFO 25960 --- [AllianceSeedsApi] [http-nio-9091-exec-1] o.s.web.servlet.DispatcherServlet        : Initializing Servlet 'dispatcherServlet'
2025-02-23T17:29:48.702+02:00  INFO 25960 --- [AllianceSeedsApi] [http-nio-9091-exec-1] o.s.web.servlet.DispatcherServlet        : Completed initialization in 2 ms
2025-02-23T18:34:11.730+02:00  INFO 25960 --- [AllianceSeedsApi] [SpringApplicationShutdownHook] j.LocalContainerEntityManagerFactoryBean : Closing JPA EntityManagerFactory for persistence unit 'default'
2025-02-23T18:34:11.743+02:00  INFO 25960 --- [AllianceSeedsApi] [SpringApplicationShutdownHook] com.zaxxer.hikari.HikariDataSource       : HikariPool-1 - Shutdown initiated...
2025-02-23T18:34:11.750+02:00  INFO 25960 --- [AllianceSeedsApi] [SpringApplicationShutdownHook] com.zaxxer.hikari.HikariDataSource       : HikariPool-1 - Shutdown completed.
2025-02-23T18:39:40.524+02:00  INFO 24968 --- [AllianceSeedsApi] [main] c.allianceseeds.api.BackendApplication   : Starting BackendApplication using Java 19.0.2 with PID 24968 (C:\pHome\Projects\allianceSeeds\AllianceSeeds-backend\target\classes started by Justin Smith in C:\pHome\Projects\allianceSeeds\AllianceSeeds-backend)
2025-02-23T18:39:40.526+02:00  INFO 24968 --- [AllianceSeedsApi] [main] c.allianceseeds.api.BackendApplication   : No active profile set, falling back to 1 default profile: "default"
2025-02-23T18:39:41.694+02:00  INFO 24968 --- [AllianceSeedsApi] [main] .s.d.r.c.RepositoryConfigurationDelegate : Bootstrapping Spring Data JPA repositories in DEFAULT mode.
2025-02-23T18:39:41.825+02:00  INFO 24968 --- [AllianceSeedsApi] [main] .s.d.r.c.RepositoryConfigurationDelegate : Finished Spring Data repository scanning in 114 ms. Found 3 JPA repository interfaces.
2025-02-23T18:39:44.427+02:00  INFO 24968 --- [AllianceSeedsApi] [main] o.s.b.w.embedded.tomcat.TomcatWebServer  : Tomcat initialized with port 9091 (http)
2025-02-23T18:39:44.467+02:00  INFO 24968 --- [AllianceSeedsApi] [main] o.apache.catalina.core.StandardService   : Starting service [Tomcat]
2025-02-23T18:39:44.469+02:00  INFO 24968 --- [AllianceSeedsApi] [main] o.apache.catalina.core.StandardEngine    : Starting Servlet engine: [Apache Tomcat/10.1.19]
2025-02-23T18:39:44.709+02:00  INFO 24968 --- [AllianceSeedsApi] [main] o.a.c.c.C.[.[localhost].[/api/v1]        : Initializing Spring embedded WebApplicationContext
2025-02-23T18:39:44.710+02:00  INFO 24968 --- [AllianceSeedsApi] [main] w.s.c.ServletWebServerApplicationContext : Root WebApplicationContext: initialization completed in 4091 ms
2025-02-23T18:39:45.755+02:00  INFO 24968 --- [AllianceSeedsApi] [main] o.f.c.internal.license.VersionPrinter    : Flyway Community Edition 9.22.3 by Redgate
2025-02-23T18:39:45.756+02:00  INFO 24968 --- [AllianceSeedsApi] [main] o.f.c.internal.license.VersionPrinter    : See release notes here: https://rd.gt/416ObMi
2025-02-23T18:39:45.756+02:00  INFO 24968 --- [AllianceSeedsApi] [main] o.f.c.internal.license.VersionPrinter    : 
2025-02-23T18:39:45.811+02:00  INFO 24968 --- [AllianceSeedsApi] [main] org.flywaydb.core.FlywayExecutor         : Database: jdbc:postgresql://localhost:5432/allianceSeeds (PostgreSQL 14.13)
2025-02-23T18:39:45.916+02:00  INFO 24968 --- [AllianceSeedsApi] [main] o.f.core.internal.command.DbValidate     : Successfully validated 1 migration (execution time 00:00.055s)
2025-02-23T18:39:45.978+02:00  INFO 24968 --- [AllianceSeedsApi] [main] o.f.core.internal.command.DbMigrate      : Current version of schema "public": 1
2025-02-23T18:39:45.987+02:00  INFO 24968 --- [AllianceSeedsApi] [main] o.f.core.internal.command.DbMigrate      : Schema "public" is up to date. No migration necessary.
2025-02-23T18:39:46.145+02:00  INFO 24968 --- [AllianceSeedsApi] [main] com.zaxxer.hikari.HikariDataSource       : HikariPool-1 - Starting...
2025-02-23T18:39:46.199+02:00  INFO 24968 --- [AllianceSeedsApi] [main] com.zaxxer.hikari.pool.HikariPool        : HikariPool-1 - Added connection org.postgresql.jdbc.PgConnection@1d60059f
2025-02-23T18:39:46.203+02:00  INFO 24968 --- [AllianceSeedsApi] [main] com.zaxxer.hikari.HikariDataSource       : HikariPool-1 - Start completed.
2025-02-23T18:39:46.375+02:00  INFO 24968 --- [AllianceSeedsApi] [main] o.hibernate.jpa.internal.util.LogHelper  : HHH000204: Processing PersistenceUnitInfo [name: default]
2025-02-23T18:39:46.550+02:00  INFO 24968 --- [AllianceSeedsApi] [main] org.hibernate.Version                    : HHH000412: Hibernate ORM core version 6.4.4.Final
2025-02-23T18:39:46.670+02:00  INFO 24968 --- [AllianceSeedsApi] [main] o.h.c.internal.RegionFactoryInitiator    : HHH000026: Second-level cache disabled
2025-02-23T18:39:47.406+02:00  INFO 24968 --- [AllianceSeedsApi] [main] o.s.o.j.p.SpringPersistenceUnitInfo      : No LoadTimeWeaver setup: ignoring JPA class transformer
2025-02-23T18:39:50.169+02:00  INFO 24968 --- [AllianceSeedsApi] [main] o.h.e.t.j.p.i.JtaPlatformInitiator       : HHH000489: No JTA platform available (set 'hibernate.transaction.jta.platform' to enable JTA platform integration)
2025-02-23T18:39:50.305+02:00  INFO 24968 --- [AllianceSeedsApi] [main] j.LocalContainerEntityManagerFactoryBean : Initialized JPA EntityManagerFactory for persistence unit 'default'
2025-02-23T18:39:51.629+02:00  WARN 24968 --- [AllianceSeedsApi] [main] JpaBaseConfiguration$JpaWebConfiguration : spring.jpa.open-in-view is enabled by default. Therefore, database queries may be performed during view rendering. Explicitly configure spring.jpa.open-in-view to disable this warning
2025-02-23T18:39:53.310+02:00  INFO 24968 --- [AllianceSeedsApi] [main] o.s.s.web.DefaultSecurityFilterChain     : Will secure any request with [org.springframework.security.web.session.DisableEncodeUrlFilter@6e2e11ee, org.springframework.security.web.context.request.async.WebAsyncManagerIntegrationFilter@189f9f9f, org.springframework.security.web.context.SecurityContextHolderFilter@c3e5e3c, org.springframework.security.web.header.HeaderWriterFilter@66be0e72, org.springframework.web.filter.CorsFilter@5b908c6d, org.springframework.security.web.authentication.logout.LogoutFilter@40e90634, org.springframework.security.oauth2.server.resource.web.authentication.BearerTokenAuthenticationFilter@a6924ad, org.springframework.security.web.savedrequest.RequestCacheAwareFilter@5eaa4ed0, org.springframework.security.web.servletapi.SecurityContextHolderAwareRequestFilter@462deb2b, org.springframework.security.web.authentication.AnonymousAuthenticationFilter@c2ddfeb, org.springframework.security.web.session.SessionManagementFilter@735dc133, org.springframework.security.web.access.ExceptionTranslationFilter@6b6bae60, org.springframework.security.web.access.intercept.AuthorizationFilter@6a0a0f12]
2025-02-23T18:39:54.177+02:00  INFO 24968 --- [AllianceSeedsApi] [main] o.s.b.w.embedded.tomcat.TomcatWebServer  : Tomcat started on port 9091 (http) with context path '/api/v1'
2025-02-23T18:39:54.199+02:00  INFO 24968 --- [AllianceSeedsApi] [main] c.allianceseeds.api.BackendApplication   : Started BackendApplication in 14.319 seconds (process running for 14.748)
2025-02-23T18:39:59.956+02:00  INFO 24968 --- [AllianceSeedsApi] [http-nio-9091-exec-2] o.a.c.c.C.[.[localhost].[/api/v1]        : Initializing Spring DispatcherServlet 'dispatcherServlet'
2025-02-23T18:39:59.957+02:00  INFO 24968 --- [AllianceSeedsApi] [http-nio-9091-exec-2] o.s.web.servlet.DispatcherServlet        : Initializing Servlet 'dispatcherServlet'
2025-02-23T18:39:59.961+02:00  INFO 24968 --- [AllianceSeedsApi] [http-nio-9091-exec-2] o.s.web.servlet.DispatcherServlet        : Completed initialization in 2 ms
2025-02-23T19:16:12.341+02:00  INFO 24968 --- [AllianceSeedsApi] [SpringApplicationShutdownHook] j.LocalContainerEntityManagerFactoryBean : Closing JPA EntityManagerFactory for persistence unit 'default'
2025-02-23T19:16:12.344+02:00  INFO 24968 --- [AllianceSeedsApi] [SpringApplicationShutdownHook] com.zaxxer.hikari.HikariDataSource       : HikariPool-1 - Shutdown initiated...
2025-02-23T19:16:12.351+02:00  INFO 24968 --- [AllianceSeedsApi] [SpringApplicationShutdownHook] com.zaxxer.hikari.HikariDataSource       : HikariPool-1 - Shutdown completed.
2025-02-23T19:16:22.978+02:00  INFO 33824 --- [AllianceSeedsApi] [main] c.allianceseeds.api.BackendApplication   : Starting BackendApplication using Java 19.0.2 with PID 33824 (C:\pHome\Projects\allianceSeeds\AllianceSeeds-backend\target\classes started by Justin Smith in C:\pHome\Projects\allianceSeeds\AllianceSeeds-backend)
2025-02-23T19:16:22.984+02:00  INFO 33824 --- [AllianceSeedsApi] [main] c.allianceseeds.api.BackendApplication   : No active profile set, falling back to 1 default profile: "default"
2025-02-23T19:16:24.668+02:00  INFO 33824 --- [AllianceSeedsApi] [main] .s.d.r.c.RepositoryConfigurationDelegate : Bootstrapping Spring Data JPA repositories in DEFAULT mode.
2025-02-23T19:16:24.800+02:00  INFO 33824 --- [AllianceSeedsApi] [main] .s.d.r.c.RepositoryConfigurationDelegate : Finished Spring Data repository scanning in 122 ms. Found 3 JPA repository interfaces.
2025-02-23T19:16:26.525+02:00  INFO 33824 --- [AllianceSeedsApi] [main] o.s.b.w.embedded.tomcat.TomcatWebServer  : Tomcat initialized with port 9091 (http)
2025-02-23T19:16:26.673+02:00  INFO 33824 --- [AllianceSeedsApi] [main] w.s.c.ServletWebServerApplicationContext : Root WebApplicationContext: initialization completed in 3552 ms
2025-02-23T19:16:27.548+02:00  INFO 33824 --- [AllianceSeedsApi] [main] o.f.c.internal.license.VersionPrinter    : Flyway Community Edition 9.22.3 by Redgate
2025-02-23T19:16:27.548+02:00  INFO 33824 --- [AllianceSeedsApi] [main] o.f.c.internal.license.VersionPrinter    : See release notes here: https://rd.gt/416ObMi
2025-02-23T19:16:27.548+02:00  INFO 33824 --- [AllianceSeedsApi] [main] o.f.c.internal.license.VersionPrinter    : 
2025-02-23T19:16:27.630+02:00  INFO 33824 --- [AllianceSeedsApi] [main] org.flywaydb.core.FlywayExecutor         : Database: jdbc:postgresql://localhost:5432/allianceSeeds (PostgreSQL 14.13)
2025-02-23T19:16:27.706+02:00  INFO 33824 --- [AllianceSeedsApi] [main] o.f.core.internal.command.DbValidate     : Successfully validated 1 migration (execution time 00:00.037s)
2025-02-23T19:16:27.800+02:00  INFO 33824 --- [AllianceSeedsApi] [main] o.f.core.internal.command.DbMigrate      : Current version of schema "public": 1
2025-02-23T19:16:27.811+02:00  INFO 33824 --- [AllianceSeedsApi] [main] o.f.core.internal.command.DbMigrate      : Schema "public" is up to date. No migration necessary.
2025-02-23T19:16:27.973+02:00  INFO 33824 --- [AllianceSeedsApi] [main] com.zaxxer.hikari.HikariDataSource       : HikariPool-1 - Starting...
2025-02-23T19:16:28.018+02:00  INFO 33824 --- [AllianceSeedsApi] [main] com.zaxxer.hikari.pool.HikariPool        : HikariPool-1 - Added connection org.postgresql.jdbc.PgConnection@133aacbe
2025-02-23T19:16:28.020+02:00  INFO 33824 --- [AllianceSeedsApi] [main] com.zaxxer.hikari.HikariDataSource       : HikariPool-1 - Start completed.
2025-02-23T19:16:28.119+02:00  INFO 33824 --- [AllianceSeedsApi] [main] o.hibernate.jpa.internal.util.LogHelper  : HHH000204: Processing PersistenceUnitInfo [name: default]
2025-02-23T19:16:28.317+02:00  INFO 33824 --- [AllianceSeedsApi] [main] org.hibernate.Version                    : HHH000412: Hibernate ORM core version 6.4.4.Final
2025-02-23T19:16:28.416+02:00  INFO 33824 --- [AllianceSeedsApi] [main] o.h.c.internal.RegionFactoryInitiator    : HHH000026: Second-level cache disabled
2025-02-23T19:16:28.922+02:00  INFO 33824 --- [AllianceSeedsApi] [main] o.s.o.j.p.SpringPersistenceUnitInfo      : No LoadTimeWeaver setup: ignoring JPA class transformer
2025-02-23T19:16:30.341+02:00  INFO 33824 --- [AllianceSeedsApi] [main] o.h.e.t.j.p.i.JtaPlatformInitiator       : HHH000489: No JTA platform available (set 'hibernate.transaction.jta.platform' to enable JTA platform integration)
2025-02-23T19:16:30.431+02:00  INFO 33824 --- [AllianceSeedsApi] [main] j.LocalContainerEntityManagerFactoryBean : Initialized JPA EntityManagerFactory for persistence unit 'default'
2025-02-23T19:16:31.245+02:00  WARN 33824 --- [AllianceSeedsApi] [main] JpaBaseConfiguration$JpaWebConfiguration : spring.jpa.open-in-view is enabled by default. Therefore, database queries may be performed during view rendering. Explicitly configure spring.jpa.open-in-view to disable this warning
2025-02-23T19:16:32.442+02:00  INFO 33824 --- [AllianceSeedsApi] [main] o.s.s.web.DefaultSecurityFilterChain     : Will secure any request with [org.springframework.security.web.session.DisableEncodeUrlFilter@1235732d, org.springframework.security.web.context.request.async.WebAsyncManagerIntegrationFilter@369d624d, org.springframework.security.web.context.SecurityContextHolderFilter@58a5b69c, org.springframework.security.web.header.HeaderWriterFilter@158b8d10, org.springframework.web.filter.CorsFilter@54644470, org.springframework.security.web.authentication.logout.LogoutFilter@411e567e, org.springframework.security.oauth2.server.resource.web.authentication.BearerTokenAuthenticationFilter@6e818345, org.springframework.security.web.savedrequest.RequestCacheAwareFilter@735dc133, org.springframework.security.web.servletapi.SecurityContextHolderAwareRequestFilter@57330423, org.springframework.security.web.authentication.AnonymousAuthenticationFilter@a6924ad, org.springframework.security.web.session.SessionManagementFilter@104e6540, org.springframework.security.web.access.ExceptionTranslationFilter@5578ed7e, org.springframework.security.web.access.intercept.AuthorizationFilter@67201eeb]
2025-02-23T19:16:33.249+02:00  INFO 33824 --- [AllianceSeedsApi] [main] o.s.b.w.embedded.tomcat.TomcatWebServer  : Tomcat started on port 9091 (http) with context path '/api/v1'
2025-02-23T19:16:33.262+02:00  INFO 33824 --- [AllianceSeedsApi] [main] c.allianceseeds.api.BackendApplication   : Started BackendApplication in 11.391 seconds (process running for 12.112)
2025-02-23T19:16:33.326+02:00  INFO 33824 --- [AllianceSeedsApi] [SpringApplicationShutdownHook] j.LocalContainerEntityManagerFactoryBean : Closing JPA EntityManagerFactory for persistence unit 'default'
2025-02-23T19:16:33.334+02:00  INFO 33824 --- [AllianceSeedsApi] [SpringApplicationShutdownHook] com.zaxxer.hikari.HikariDataSource       : HikariPool-1 - Shutdown initiated...
2025-02-23T19:16:33.341+02:00  INFO 33824 --- [AllianceSeedsApi] [SpringApplicationShutdownHook] com.zaxxer.hikari.HikariDataSource       : HikariPool-1 - Shutdown completed.
2025-02-23T19:19:10.055+02:00  INFO 21752 --- [AllianceSeedsApi] [main] c.allianceseeds.api.BackendApplication   : Starting BackendApplication using Java 19.0.2 with PID 21752 (C:\pHome\Projects\allianceSeeds\AllianceSeeds-backend\target\classes started by Justin Smith in C:\pHome\Projects\allianceSeeds\AllianceSeeds-backend)
2025-02-23T19:19:10.063+02:00  INFO 21752 --- [AllianceSeedsApi] [main] c.allianceseeds.api.BackendApplication   : No active profile set, falling back to 1 default profile: "default"
2025-02-23T19:19:12.252+02:00  INFO 21752 --- [AllianceSeedsApi] [main] .s.d.r.c.RepositoryConfigurationDelegate : Bootstrapping Spring Data JPA repositories in DEFAULT mode.
2025-02-23T19:19:12.475+02:00  INFO 21752 --- [AllianceSeedsApi] [main] .s.d.r.c.RepositoryConfigurationDelegate : Finished Spring Data repository scanning in 210 ms. Found 3 JPA repository interfaces.
2025-02-23T19:19:13.807+02:00  INFO 21752 --- [AllianceSeedsApi] [main] o.s.b.w.embedded.tomcat.TomcatWebServer  : Tomcat initialized with port 9091 (http)
2025-02-23T19:19:13.818+02:00  INFO 21752 --- [AllianceSeedsApi] [main] o.apache.catalina.core.StandardService   : Starting service [Tomcat]
2025-02-23T19:19:13.818+02:00  INFO 21752 --- [AllianceSeedsApi] [main] o.apache.catalina.core.StandardEngine    : Starting Servlet engine: [Apache Tomcat/10.1.19]
2025-02-23T19:19:13.874+02:00  INFO 21752 --- [AllianceSeedsApi] [main] o.a.c.c.C.[.[localhost].[/api/v1]        : Initializing Spring embedded WebApplicationContext
2025-02-23T19:19:13.874+02:00  INFO 21752 --- [AllianceSeedsApi] [main] w.s.c.ServletWebServerApplicationContext : Root WebApplicationContext: initialization completed in 3552 ms
2025-02-23T19:19:14.550+02:00  INFO 21752 --- [AllianceSeedsApi] [main] o.f.c.internal.license.VersionPrinter    : Flyway Community Edition 9.22.3 by Redgate
2025-02-23T19:19:14.551+02:00  INFO 21752 --- [AllianceSeedsApi] [main] o.f.c.internal.license.VersionPrinter    : See release notes here: https://rd.gt/416ObMi
2025-02-23T19:19:14.553+02:00  INFO 21752 --- [AllianceSeedsApi] [main] o.f.c.internal.license.VersionPrinter    : 
2025-02-23T19:19:14.621+02:00  INFO 21752 --- [AllianceSeedsApi] [main] org.flywaydb.core.FlywayExecutor         : Database: jdbc:postgresql://localhost:5432/allianceSeeds (PostgreSQL 14.13)
2025-02-23T19:19:14.772+02:00  INFO 21752 --- [AllianceSeedsApi] [main] o.f.core.internal.command.DbValidate     : Successfully validated 1 migration (execution time 00:00.093s)
2025-02-23T19:19:14.862+02:00  INFO 21752 --- [AllianceSeedsApi] [main] o.f.core.internal.command.DbMigrate      : Current version of schema "public": 1
2025-02-23T19:19:14.869+02:00  INFO 21752 --- [AllianceSeedsApi] [main] o.f.core.internal.command.DbMigrate      : Schema "public" is up to date. No migration necessary.
2025-02-23T19:19:15.011+02:00  INFO 21752 --- [AllianceSeedsApi] [main] com.zaxxer.hikari.HikariDataSource       : HikariPool-1 - Starting...
2025-02-23T19:19:15.094+02:00  INFO 21752 --- [AllianceSeedsApi] [main] com.zaxxer.hikari.pool.HikariPool        : HikariPool-1 - Added connection org.postgresql.jdbc.PgConnection@2aa5bd48
2025-02-23T19:19:15.098+02:00  INFO 21752 --- [AllianceSeedsApi] [main] com.zaxxer.hikari.HikariDataSource       : HikariPool-1 - Start completed.
2025-02-23T19:19:15.177+02:00  INFO 21752 --- [AllianceSeedsApi] [main] o.hibernate.jpa.internal.util.LogHelper  : HHH000204: Processing PersistenceUnitInfo [name: default]
2025-02-23T19:19:15.382+02:00  INFO 21752 --- [AllianceSeedsApi] [main] org.hibernate.Version                    : HHH000412: Hibernate ORM core version 6.4.4.Final
2025-02-23T19:19:15.450+02:00  INFO 21752 --- [AllianceSeedsApi] [main] o.h.c.internal.RegionFactoryInitiator    : HHH000026: Second-level cache disabled
2025-02-23T19:19:15.971+02:00  INFO 21752 --- [AllianceSeedsApi] [main] o.s.o.j.p.SpringPersistenceUnitInfo      : No LoadTimeWeaver setup: ignoring JPA class transformer
2025-02-23T19:19:17.187+02:00  INFO 21752 --- [AllianceSeedsApi] [main] o.h.e.t.j.p.i.JtaPlatformInitiator       : HHH000489: No JTA platform available (set 'hibernate.transaction.jta.platform' to enable JTA platform integration)
2025-02-23T19:19:17.252+02:00  INFO 21752 --- [AllianceSeedsApi] [main] j.LocalContainerEntityManagerFactoryBean : Initialized JPA EntityManagerFactory for persistence unit 'default'
2025-02-23T19:19:18.164+02:00  WARN 21752 --- [AllianceSeedsApi] [main] JpaBaseConfiguration$JpaWebConfiguration : spring.jpa.open-in-view is enabled by default. Therefore, database queries may be performed during view rendering. Explicitly configure spring.jpa.open-in-view to disable this warning
2025-02-23T19:19:19.349+02:00  INFO 21752 --- [AllianceSeedsApi] [main] o.s.s.web.DefaultSecurityFilterChain     : Will secure any request with [org.springframework.security.web.session.DisableEncodeUrlFilter@33fc92d6, org.springframework.security.web.context.request.async.WebAsyncManagerIntegrationFilter@6e2e11ee, org.springframework.security.web.context.SecurityContextHolderFilter@2257590f, org.springframework.security.web.header.HeaderWriterFilter@22c14d10, org.springframework.web.filter.CorsFilter@189f9f9f, org.springframework.security.web.authentication.logout.LogoutFilter@49d5c751, org.springframework.security.oauth2.server.resource.web.authentication.BearerTokenAuthenticationFilter@54644470, org.springframework.security.web.savedrequest.RequestCacheAwareFilter@11f752d1, org.springframework.security.web.servletapi.SecurityContextHolderAwareRequestFilter@5eaa4ed0, org.springframework.security.web.authentication.AnonymousAuthenticationFilter@5b908c6d, org.springframework.security.web.session.SessionManagementFilter@3b22bcad, org.springframework.security.web.access.ExceptionTranslationFilter@1cd853ee, org.springframework.security.web.access.intercept.AuthorizationFilter@495a9305]
2025-02-23T19:19:20.037+02:00  INFO 21752 --- [AllianceSeedsApi] [main] o.s.b.w.embedded.tomcat.TomcatWebServer  : Tomcat started on port 9091 (http) with context path '/api/v1'
2025-02-23T19:19:20.049+02:00  INFO 21752 --- [AllianceSeedsApi] [main] c.allianceseeds.api.BackendApplication   : Started BackendApplication in 11.432 seconds (process running for 12.279)
2025-02-23T19:19:39.259+02:00  INFO 21752 --- [AllianceSeedsApi] [http-nio-9091-exec-1] o.a.c.c.C.[.[localhost].[/api/v1]        : Initializing Spring DispatcherServlet 'dispatcherServlet'
2025-02-23T19:19:39.260+02:00  INFO 21752 --- [AllianceSeedsApi] [http-nio-9091-exec-1] o.s.web.servlet.DispatcherServlet        : Initializing Servlet 'dispatcherServlet'
2025-02-23T19:19:39.261+02:00  INFO 21752 --- [AllianceSeedsApi] [http-nio-9091-exec-1] o.s.web.servlet.DispatcherServlet        : Completed initialization in 1 ms
2025-02-23T19:27:29.249+02:00  INFO 21752 --- [AllianceSeedsApi] [SpringApplicationShutdownHook] j.LocalContainerEntityManagerFactoryBean : Closing JPA EntityManagerFactory for persistence unit 'default'
2025-02-23T19:27:29.254+02:00  INFO 21752 --- [AllianceSeedsApi] [SpringApplicationShutdownHook] com.zaxxer.hikari.HikariDataSource       : HikariPool-1 - Shutdown initiated...
2025-02-23T19:27:29.261+02:00  INFO 21752 --- [AllianceSeedsApi] [SpringApplicationShutdownHook] com.zaxxer.hikari.HikariDataSource       : HikariPool-1 - Shutdown completed.
2025-02-23T19:27:33.456+02:00  INFO 33636 --- [AllianceSeedsApi] [main] c.allianceseeds.api.BackendApplication   : Starting BackendApplication using Java 19.0.2 with PID 33636 (C:\pHome\Projects\allianceSeeds\AllianceSeeds-backend\target\classes started by Justin Smith in C:\pHome\Projects\allianceSeeds\AllianceSeeds-backend)
2025-02-23T19:27:33.460+02:00  INFO 33636 --- [AllianceSeedsApi] [main] c.allianceseeds.api.BackendApplication   : No active profile set, falling back to 1 default profile: "default"
2025-02-23T19:27:35.006+02:00  INFO 33636 --- [AllianceSeedsApi] [main] .s.d.r.c.RepositoryConfigurationDelegate : Bootstrapping Spring Data JPA repositories in DEFAULT mode.
2025-02-23T19:27:35.107+02:00  INFO 33636 --- [AllianceSeedsApi] [main] .s.d.r.c.RepositoryConfigurationDelegate : Finished Spring Data repository scanning in 92 ms. Found 3 JPA repository interfaces.
2025-02-23T19:27:36.868+02:00  INFO 33636 --- [AllianceSeedsApi] [main] o.s.b.w.embedded.tomcat.TomcatWebServer  : Tomcat initialized with port 9091 (http)
2025-02-23T19:27:36.896+02:00  INFO 33636 --- [AllianceSeedsApi] [main] o.apache.catalina.core.StandardService   : Starting service [Tomcat]
2025-02-23T19:27:36.897+02:00  INFO 33636 --- [AllianceSeedsApi] [main] o.apache.catalina.core.StandardEngine    : Starting Servlet engine: [Apache Tomcat/10.1.19]
2025-02-23T19:27:36.999+02:00  INFO 33636 --- [AllianceSeedsApi] [main] o.a.c.c.C.[.[localhost].[/api/v1]        : Initializing Spring embedded WebApplicationContext
2025-02-23T19:27:37.000+02:00  INFO 33636 --- [AllianceSeedsApi] [main] w.s.c.ServletWebServerApplicationContext : Root WebApplicationContext: initialization completed in 3459 ms
2025-02-23T19:27:37.700+02:00  INFO 33636 --- [AllianceSeedsApi] [main] o.f.c.internal.license.VersionPrinter    : Flyway Community Edition 9.22.3 by Redgate
2025-02-23T19:27:37.700+02:00  INFO 33636 --- [AllianceSeedsApi] [main] o.f.c.internal.license.VersionPrinter    : See release notes here: https://rd.gt/416ObMi
2025-02-23T19:27:37.700+02:00  INFO 33636 --- [AllianceSeedsApi] [main] o.f.c.internal.license.VersionPrinter    : 
2025-02-23T19:27:37.769+02:00  INFO 33636 --- [AllianceSeedsApi] [main] org.flywaydb.core.FlywayExecutor         : Database: jdbc:postgresql://localhost:5432/allianceSeeds (PostgreSQL 14.13)
2025-02-23T19:27:37.860+02:00  INFO 33636 --- [AllianceSeedsApi] [main] o.f.core.internal.command.DbValidate     : Successfully validated 1 migration (execution time 00:00.046s)
2025-02-23T19:27:37.952+02:00  INFO 33636 --- [AllianceSeedsApi] [main] o.f.core.internal.command.DbMigrate      : Current version of schema "public": 1
2025-02-23T19:27:37.957+02:00  INFO 33636 --- [AllianceSeedsApi] [main] o.f.core.internal.command.DbMigrate      : Schema "public" is up to date. No migration necessary.
2025-02-23T19:27:38.109+02:00  INFO 33636 --- [AllianceSeedsApi] [main] com.zaxxer.hikari.HikariDataSource       : HikariPool-1 - Starting...
2025-02-23T19:27:38.181+02:00  INFO 33636 --- [AllianceSeedsApi] [main] com.zaxxer.hikari.pool.HikariPool        : HikariPool-1 - Added connection org.postgresql.jdbc.PgConnection@5f193335
2025-02-23T19:27:38.191+02:00  INFO 33636 --- [AllianceSeedsApi] [main] com.zaxxer.hikari.HikariDataSource       : HikariPool-1 - Start completed.
2025-02-23T19:27:38.299+02:00  INFO 33636 --- [AllianceSeedsApi] [main] o.hibernate.jpa.internal.util.LogHelper  : HHH000204: Processing PersistenceUnitInfo [name: default]
2025-02-23T19:27:38.567+02:00  INFO 33636 --- [AllianceSeedsApi] [main] org.hibernate.Version                    : HHH000412: Hibernate ORM core version 6.4.4.Final
2025-02-23T19:27:38.680+02:00  INFO 33636 --- [AllianceSeedsApi] [main] o.h.c.internal.RegionFactoryInitiator    : HHH000026: Second-level cache disabled
2025-02-23T19:27:39.141+02:00  INFO 33636 --- [AllianceSeedsApi] [main] o.s.o.j.p.SpringPersistenceUnitInfo      : No LoadTimeWeaver setup: ignoring JPA class transformer
2025-02-23T19:27:40.666+02:00  INFO 33636 --- [AllianceSeedsApi] [main] o.h.e.t.j.p.i.JtaPlatformInitiator       : HHH000489: No JTA platform available (set 'hibernate.transaction.jta.platform' to enable JTA platform integration)
2025-02-23T19:27:40.732+02:00  INFO 33636 --- [AllianceSeedsApi] [main] j.LocalContainerEntityManagerFactoryBean : Initialized JPA EntityManagerFactory for persistence unit 'default'
2025-02-23T19:27:41.594+02:00  WARN 33636 --- [AllianceSeedsApi] [main] JpaBaseConfiguration$JpaWebConfiguration : spring.jpa.open-in-view is enabled by default. Therefore, database queries may be performed during view rendering. Explicitly configure spring.jpa.open-in-view to disable this warning
2025-02-23T19:27:42.901+02:00  INFO 33636 --- [AllianceSeedsApi] [main] o.s.s.web.DefaultSecurityFilterChain     : Will secure any request with [org.springframework.security.web.session.DisableEncodeUrlFilter@570089c4, org.springframework.security.web.context.request.async.WebAsyncManagerIntegrationFilter@409df37d, org.springframework.security.web.context.SecurityContextHolderFilter@3344c1d7, org.springframework.security.web.header.HeaderWriterFilter@3ba6707e, org.springframework.web.filter.CorsFilter@2ab1c7a9, org.springframework.security.web.authentication.logout.LogoutFilter@1e3689e7, org.springframework.security.oauth2.server.resource.web.authentication.BearerTokenAuthenticationFilter@5257123d, org.springframework.security.web.savedrequest.RequestCacheAwareFilter@104e6540, org.springframework.security.web.servletapi.SecurityContextHolderAwareRequestFilter@3f9ee527, org.springframework.security.web.authentication.AnonymousAuthenticationFilter@6e818345, org.springframework.security.web.session.SessionManagementFilter@e09c7a2, org.springframework.security.web.access.ExceptionTranslationFilter@58fbecde, org.springframework.security.web.access.intercept.AuthorizationFilter@339b45f8]
2025-02-23T19:27:43.663+02:00  INFO 33636 --- [AllianceSeedsApi] [main] o.s.b.w.embedded.tomcat.TomcatWebServer  : Tomcat started on port 9091 (http) with context path '/api/v1'
2025-02-23T19:27:43.683+02:00  INFO 33636 --- [AllianceSeedsApi] [main] c.allianceseeds.api.BackendApplication   : Started BackendApplication in 10.978 seconds (process running for 11.554)
2025-02-23T19:28:14.771+02:00  INFO 33636 --- [AllianceSeedsApi] [http-nio-9091-exec-1] o.a.c.c.C.[.[localhost].[/api/v1]        : Initializing Spring DispatcherServlet 'dispatcherServlet'
2025-02-23T19:28:14.771+02:00  INFO 33636 --- [AllianceSeedsApi] [http-nio-9091-exec-1] o.s.web.servlet.DispatcherServlet        : Initializing Servlet 'dispatcherServlet'
2025-02-23T19:28:14.774+02:00  INFO 33636 --- [AllianceSeedsApi] [http-nio-9091-exec-1] o.s.web.servlet.DispatcherServlet        : Completed initialization in 1 ms
2025-02-23T19:29:06.795+02:00  INFO 33636 --- [AllianceSeedsApi] [SpringApplicationShutdownHook] j.LocalContainerEntityManagerFactoryBean : Closing JPA EntityManagerFactory for persistence unit 'default'
2025-02-23T19:29:06.803+02:00  INFO 33636 --- [AllianceSeedsApi] [SpringApplicationShutdownHook] com.zaxxer.hikari.HikariDataSource       : HikariPool-1 - Shutdown initiated...
2025-02-23T19:29:06.816+02:00  INFO 33636 --- [AllianceSeedsApi] [SpringApplicationShutdownHook] com.zaxxer.hikari.HikariDataSource       : HikariPool-1 - Shutdown completed.
2025-02-23T19:29:12.203+02:00  INFO 28688 --- [AllianceSeedsApi] [main] c.allianceseeds.api.BackendApplication   : Starting BackendApplication using Java 19.0.2 with PID 28688 (C:\pHome\Projects\allianceSeeds\AllianceSeeds-backend\target\classes started by Justin Smith in C:\pHome\Projects\allianceSeeds\AllianceSeeds-backend)
2025-02-23T19:29:12.208+02:00  INFO 28688 --- [AllianceSeedsApi] [main] c.allianceseeds.api.BackendApplication   : No active profile set, falling back to 1 default profile: "default"
2025-02-23T19:29:13.557+02:00  INFO 28688 --- [AllianceSeedsApi] [main] .s.d.r.c.RepositoryConfigurationDelegate : Bootstrapping Spring Data JPA repositories in DEFAULT mode.
2025-02-23T19:29:13.694+02:00  INFO 28688 --- [AllianceSeedsApi] [main] .s.d.r.c.RepositoryConfigurationDelegate : Finished Spring Data repository scanning in 123 ms. Found 3 JPA repository interfaces.
2025-02-23T19:29:15.252+02:00  INFO 28688 --- [AllianceSeedsApi] [main] o.s.b.w.embedded.tomcat.TomcatWebServer  : Tomcat initialized with port 9091 (http)
2025-02-23T19:29:15.273+02:00  INFO 28688 --- [AllianceSeedsApi] [main] o.apache.catalina.core.StandardService   : Starting service [Tomcat]
2025-02-23T19:29:15.274+02:00  INFO 28688 --- [AllianceSeedsApi] [main] o.apache.catalina.core.StandardEngine    : Starting Servlet engine: [Apache Tomcat/10.1.19]
2025-02-23T19:29:15.378+02:00  INFO 28688 --- [AllianceSeedsApi] [main] o.a.c.c.C.[.[localhost].[/api/v1]        : Initializing Spring embedded WebApplicationContext
2025-02-23T19:29:15.379+02:00  INFO 28688 --- [AllianceSeedsApi] [main] w.s.c.ServletWebServerApplicationContext : Root WebApplicationContext: initialization completed in 3071 ms
2025-02-23T19:29:16.007+02:00  INFO 28688 --- [AllianceSeedsApi] [main] o.f.c.internal.license.VersionPrinter    : Flyway Community Edition 9.22.3 by Redgate
2025-02-23T19:29:16.007+02:00  INFO 28688 --- [AllianceSeedsApi] [main] o.f.c.internal.license.VersionPrinter    : See release notes here: https://rd.gt/416ObMi
2025-02-23T19:29:16.008+02:00  INFO 28688 --- [AllianceSeedsApi] [main] o.f.c.internal.license.VersionPrinter    : 
2025-02-23T19:29:16.135+02:00  INFO 28688 --- [AllianceSeedsApi] [main] org.flywaydb.core.FlywayExecutor         : Database: jdbc:postgresql://localhost:5432/allianceSeeds (PostgreSQL 14.13)
2025-02-23T19:29:16.258+02:00  INFO 28688 --- [AllianceSeedsApi] [main] o.f.core.internal.command.DbValidate     : Successfully validated 1 migration (execution time 00:00.069s)
2025-02-23T19:29:16.351+02:00  INFO 28688 --- [AllianceSeedsApi] [main] o.f.core.internal.command.DbMigrate      : Current version of schema "public": 1
2025-02-23T19:29:16.363+02:00  INFO 28688 --- [AllianceSeedsApi] [main] o.f.core.internal.command.DbMigrate      : Schema "public" is up to date. No migration necessary.
2025-02-23T19:29:16.549+02:00  INFO 28688 --- [AllianceSeedsApi] [main] com.zaxxer.hikari.HikariDataSource       : HikariPool-1 - Starting...
2025-02-23T19:29:16.595+02:00  INFO 28688 --- [AllianceSeedsApi] [main] com.zaxxer.hikari.pool.HikariPool        : HikariPool-1 - Added connection org.postgresql.jdbc.PgConnection@1d91fa02
2025-02-23T19:29:16.597+02:00  INFO 28688 --- [AllianceSeedsApi] [main] com.zaxxer.hikari.HikariDataSource       : HikariPool-1 - Start completed.
2025-02-23T19:29:16.678+02:00  INFO 28688 --- [AllianceSeedsApi] [main] o.hibernate.jpa.internal.util.LogHelper  : HHH000204: Processing PersistenceUnitInfo [name: default]
2025-02-23T19:29:16.862+02:00  INFO 28688 --- [AllianceSeedsApi] [main] org.hibernate.Version                    : HHH000412: Hibernate ORM core version 6.4.4.Final
2025-02-23T19:29:16.943+02:00  INFO 28688 --- [AllianceSeedsApi] [main] o.h.c.internal.RegionFactoryInitiator    : HHH000026: Second-level cache disabled
2025-02-23T19:29:17.473+02:00  INFO 28688 --- [AllianceSeedsApi] [main] o.s.o.j.p.SpringPersistenceUnitInfo      : No LoadTimeWeaver setup: ignoring JPA class transformer
2025-02-23T19:29:18.715+02:00  INFO 28688 --- [AllianceSeedsApi] [main] o.h.e.t.j.p.i.JtaPlatformInitiator       : HHH000489: No JTA platform available (set 'hibernate.transaction.jta.platform' to enable JTA platform integration)
2025-02-23T19:29:18.775+02:00  INFO 28688 --- [AllianceSeedsApi] [main] j.LocalContainerEntityManagerFactoryBean : Initialized JPA EntityManagerFactory for persistence unit 'default'
2025-02-23T19:29:19.592+02:00  WARN 28688 --- [AllianceSeedsApi] [main] JpaBaseConfiguration$JpaWebConfiguration : spring.jpa.open-in-view is enabled by default. Therefore, database queries may be performed during view rendering. Explicitly configure spring.jpa.open-in-view to disable this warning
2025-02-23T19:29:20.874+02:00  INFO 28688 --- [AllianceSeedsApi] [main] o.s.s.web.DefaultSecurityFilterChain     : Will secure any request with [org.springframework.security.web.session.DisableEncodeUrlFilter@78b29e00, org.springframework.security.web.context.request.async.WebAsyncManagerIntegrationFilter@5c438795, org.springframework.security.web.context.SecurityContextHolderFilter@2e778abb, org.springframework.security.web.header.HeaderWriterFilter@4a84beb7, org.springframework.web.filter.CorsFilter@3b4b2c03, org.springframework.security.web.authentication.logout.LogoutFilter@11f752d1, org.springframework.security.oauth2.server.resource.web.authentication.BearerTokenAuthenticationFilter@49d5c751, org.springframework.security.web.savedrequest.RequestCacheAwareFilter@58fbecde, org.springframework.security.web.servletapi.SecurityContextHolderAwareRequestFilter@299615a5, org.springframework.security.web.authentication.AnonymousAuthenticationFilter@339b45f8, org.springframework.security.web.session.SessionManagementFilter@1b641c97, org.springframework.security.web.access.ExceptionTranslationFilter@37806ccb, org.springframework.security.web.access.intercept.AuthorizationFilter@74eae1e0]
2025-02-23T19:29:21.612+02:00  INFO 28688 --- [AllianceSeedsApi] [main] o.s.b.w.embedded.tomcat.TomcatWebServer  : Tomcat started on port 9091 (http) with context path '/api/v1'
2025-02-23T19:29:21.632+02:00  INFO 28688 --- [AllianceSeedsApi] [main] c.allianceseeds.api.BackendApplication   : Started BackendApplication in 10.076 seconds (process running for 10.539)
2025-02-23T19:29:31.810+02:00  INFO 28688 --- [AllianceSeedsApi] [http-nio-9091-exec-2] o.a.c.c.C.[.[localhost].[/api/v1]        : Initializing Spring DispatcherServlet 'dispatcherServlet'
2025-02-23T19:29:31.810+02:00  INFO 28688 --- [AllianceSeedsApi] [http-nio-9091-exec-2] o.s.web.servlet.DispatcherServlet        : Initializing Servlet 'dispatcherServlet'
2025-02-23T19:29:31.812+02:00  INFO 28688 --- [AllianceSeedsApi] [http-nio-9091-exec-2] o.s.web.servlet.DispatcherServlet        : Completed initialization in 1 ms
2025-02-23T19:29:53.713+02:00  INFO 28688 --- [AllianceSeedsApi] [SpringApplicationShutdownHook] j.LocalContainerEntityManagerFactoryBean : Closing JPA EntityManagerFactory for persistence unit 'default'
2025-02-23T19:29:53.716+02:00  INFO 28688 --- [AllianceSeedsApi] [SpringApplicationShutdownHook] com.zaxxer.hikari.HikariDataSource       : HikariPool-1 - Shutdown initiated...
2025-02-23T19:29:53.728+02:00  INFO 28688 --- [AllianceSeedsApi] [SpringApplicationShutdownHook] com.zaxxer.hikari.HikariDataSource       : HikariPool-1 - Shutdown completed.
2025-02-23T19:29:57.354+02:00  INFO 24484 --- [AllianceSeedsApi] [main] c.allianceseeds.api.BackendApplication   : Starting BackendApplication using Java 19.0.2 with PID 24484 (C:\pHome\Projects\allianceSeeds\AllianceSeeds-backend\target\classes started by Justin Smith in C:\pHome\Projects\allianceSeeds\AllianceSeeds-backend)
2025-02-23T19:29:57.357+02:00  INFO 24484 --- [AllianceSeedsApi] [main] c.allianceseeds.api.BackendApplication   : No active profile set, falling back to 1 default profile: "default"
2025-02-23T19:29:58.444+02:00  INFO 24484 --- [AllianceSeedsApi] [main] .s.d.r.c.RepositoryConfigurationDelegate : Bootstrapping Spring Data JPA repositories in DEFAULT mode.
2025-02-23T19:29:58.599+02:00  INFO 24484 --- [AllianceSeedsApi] [main] .s.d.r.c.RepositoryConfigurationDelegate : Finished Spring Data repository scanning in 145 ms. Found 3 JPA repository interfaces.
2025-02-23T19:30:00.312+02:00  INFO 24484 --- [AllianceSeedsApi] [main] o.s.b.w.embedded.tomcat.TomcatWebServer  : Tomcat initialized with port 9091 (http)
2025-02-23T19:30:00.328+02:00  INFO 24484 --- [AllianceSeedsApi] [main] o.apache.catalina.core.StandardService   : Starting service [Tomcat]
2025-02-23T19:30:00.329+02:00  INFO 24484 --- [AllianceSeedsApi] [main] o.apache.catalina.core.StandardEngine    : Starting Servlet engine: [Apache Tomcat/10.1.19]
2025-02-23T19:30:00.481+02:00  INFO 24484 --- [AllianceSeedsApi] [main] o.a.c.c.C.[.[localhost].[/api/v1]        : Initializing Spring embedded WebApplicationContext
2025-02-23T19:30:00.482+02:00  INFO 24484 --- [AllianceSeedsApi] [main] w.s.c.ServletWebServerApplicationContext : Root WebApplicationContext: initialization completed in 3046 ms
2025-02-23T19:30:01.612+02:00  INFO 24484 --- [AllianceSeedsApi] [main] o.f.c.internal.license.VersionPrinter    : Flyway Community Edition 9.22.3 by Redgate
2025-02-23T19:30:01.612+02:00  INFO 24484 --- [AllianceSeedsApi] [main] o.f.c.internal.license.VersionPrinter    : See release notes here: https://rd.gt/416ObMi
2025-02-23T19:30:01.612+02:00  INFO 24484 --- [AllianceSeedsApi] [main] o.f.c.internal.license.VersionPrinter    : 
2025-02-23T19:30:01.741+02:00  INFO 24484 --- [AllianceSeedsApi] [main] org.flywaydb.core.FlywayExecutor         : Database: jdbc:postgresql://localhost:5432/allianceSeeds (PostgreSQL 14.13)
2025-02-23T19:30:01.949+02:00  INFO 24484 --- [AllianceSeedsApi] [main] o.f.core.internal.command.DbValidate     : Successfully validated 1 migration (execution time 00:00.108s)
2025-02-23T19:30:02.083+02:00  INFO 24484 --- [AllianceSeedsApi] [main] o.f.core.internal.command.DbMigrate      : Current version of schema "public": 1
2025-02-23T19:30:02.096+02:00  INFO 24484 --- [AllianceSeedsApi] [main] o.f.core.internal.command.DbMigrate      : Schema "public" is up to date. No migration necessary.
2025-02-23T19:30:02.304+02:00  INFO 24484 --- [AllianceSeedsApi] [main] com.zaxxer.hikari.HikariDataSource       : HikariPool-1 - Starting...
2025-02-23T19:30:02.397+02:00  INFO 24484 --- [AllianceSeedsApi] [main] com.zaxxer.hikari.pool.HikariPool        : HikariPool-1 - Added connection org.postgresql.jdbc.PgConnection@1b30a54e
2025-02-23T19:30:02.403+02:00  INFO 24484 --- [AllianceSeedsApi] [main] com.zaxxer.hikari.HikariDataSource       : HikariPool-1 - Start completed.
2025-02-23T19:30:02.582+02:00  INFO 24484 --- [AllianceSeedsApi] [main] o.hibernate.jpa.internal.util.LogHelper  : HHH000204: Processing PersistenceUnitInfo [name: default]
2025-02-23T19:30:02.819+02:00  INFO 24484 --- [AllianceSeedsApi] [main] org.hibernate.Version                    : HHH000412: Hibernate ORM core version 6.4.4.Final
2025-02-23T19:30:02.940+02:00  INFO 24484 --- [AllianceSeedsApi] [main] o.h.c.internal.RegionFactoryInitiator    : HHH000026: Second-level cache disabled
2025-02-23T19:30:03.397+02:00  INFO 24484 --- [AllianceSeedsApi] [main] o.s.o.j.p.SpringPersistenceUnitInfo      : No LoadTimeWeaver setup: ignoring JPA class transformer
2025-02-23T19:30:05.212+02:00  INFO 24484 --- [AllianceSeedsApi] [main] o.h.e.t.j.p.i.JtaPlatformInitiator       : HHH000489: No JTA platform available (set 'hibernate.transaction.jta.platform' to enable JTA platform integration)
2025-02-23T19:30:05.321+02:00  INFO 24484 --- [AllianceSeedsApi] [main] j.LocalContainerEntityManagerFactoryBean : Initialized JPA EntityManagerFactory for persistence unit 'default'
2025-02-23T19:30:06.716+02:00  WARN 24484 --- [AllianceSeedsApi] [main] JpaBaseConfiguration$JpaWebConfiguration : spring.jpa.open-in-view is enabled by default. Therefore, database queries may be performed during view rendering. Explicitly configure spring.jpa.open-in-view to disable this warning
2025-02-23T19:30:09.014+02:00  INFO 24484 --- [AllianceSeedsApi] [main] o.s.s.web.DefaultSecurityFilterChain     : Will secure any request with [org.springframework.security.web.session.DisableEncodeUrlFilter@4d25943d, org.springframework.security.web.context.request.async.WebAsyncManagerIntegrationFilter@2eea0775, org.springframework.security.web.context.SecurityContextHolderFilter@e594c46, org.springframework.security.web.header.HeaderWriterFilter@2719139f, org.springframework.web.filter.CorsFilter@495a9305, org.springframework.security.web.authentication.logout.LogoutFilter@f36c8b1, org.springframework.security.oauth2.server.resource.web.authentication.BearerTokenAuthenticationFilter@67201eeb, org.springframework.security.web.savedrequest.RequestCacheAwareFilter@6b6bae60, org.springframework.security.web.servletapi.SecurityContextHolderAwareRequestFilter@22c14d10, org.springframework.security.web.authentication.AnonymousAuthenticationFilter@6a0a0f12, org.springframework.security.web.session.SessionManagementFilter@5578ed7e, org.springframework.security.web.access.ExceptionTranslationFilter@1e8b0ab5, org.springframework.security.web.access.intercept.AuthorizationFilter@411e567e]
2025-02-23T19:30:10.239+02:00  INFO 24484 --- [AllianceSeedsApi] [main] o.s.b.w.embedded.tomcat.TomcatWebServer  : Tomcat started on port 9091 (http) with context path '/api/v1'
2025-02-23T19:30:10.270+02:00  INFO 24484 --- [AllianceSeedsApi] [main] c.allianceseeds.api.BackendApplication   : Started BackendApplication in 13.619 seconds (process running for 14.249)
2025-02-23T19:30:14.400+02:00  INFO 24484 --- [AllianceSeedsApi] [http-nio-9091-exec-1] o.a.c.c.C.[.[localhost].[/api/v1]        : Initializing Spring DispatcherServlet 'dispatcherServlet'
2025-02-23T19:30:14.400+02:00  INFO 24484 --- [AllianceSeedsApi] [http-nio-9091-exec-1] o.s.web.servlet.DispatcherServlet        : Initializing Servlet 'dispatcherServlet'
2025-02-23T19:30:14.402+02:00  INFO 24484 --- [AllianceSeedsApi] [http-nio-9091-exec-1] o.s.web.servlet.DispatcherServlet        : Completed initialization in 1 ms
2025-02-23T19:33:01.199+02:00  INFO 24484 --- [AllianceSeedsApi] [SpringApplicationShutdownHook] j.LocalContainerEntityManagerFactoryBean : Closing JPA EntityManagerFactory for persistence unit 'default'
2025-02-23T19:33:01.203+02:00  INFO 24484 --- [AllianceSeedsApi] [SpringApplicationShutdownHook] com.zaxxer.hikari.HikariDataSource       : HikariPool-1 - Shutdown initiated...
2025-02-23T19:33:01.212+02:00  INFO 24484 --- [AllianceSeedsApi] [SpringApplicationShutdownHook] com.zaxxer.hikari.HikariDataSource       : HikariPool-1 - Shutdown completed.
2025-02-23T19:33:49.685+02:00  INFO 34272 --- [AllianceSeedsApi] [main] c.allianceseeds.api.BackendApplication   : Starting BackendApplication using Java 19.0.2 with PID 34272 (C:\pHome\Projects\allianceSeeds\AllianceSeeds-backend\target\classes started by Justin Smith in C:\pHome\Projects\allianceSeeds\AllianceSeeds-backend)
2025-02-23T19:33:49.695+02:00  INFO 34272 --- [AllianceSeedsApi] [main] c.allianceseeds.api.BackendApplication   : No active profile set, falling back to 1 default profile: "default"
2025-02-23T19:33:51.844+02:00  INFO 34272 --- [AllianceSeedsApi] [main] .s.d.r.c.RepositoryConfigurationDelegate : Bootstrapping Spring Data JPA repositories in DEFAULT mode.
2025-02-23T19:33:51.977+02:00  INFO 34272 --- [AllianceSeedsApi] [main] .s.d.r.c.RepositoryConfigurationDelegate : Finished Spring Data repository scanning in 121 ms. Found 3 JPA repository interfaces.
2025-02-23T19:33:53.757+02:00  INFO 34272 --- [AllianceSeedsApi] [main] o.s.b.w.embedded.tomcat.TomcatWebServer  : Tomcat initialized with port 9091 (http)
2025-02-23T19:33:53.777+02:00  INFO 34272 --- [AllianceSeedsApi] [main] o.apache.catalina.core.StandardService   : Starting service [Tomcat]
2025-02-23T19:33:53.778+02:00  INFO 34272 --- [AllianceSeedsApi] [main] o.apache.catalina.core.StandardEngine    : Starting Servlet engine: [Apache Tomcat/10.1.19]
2025-02-23T19:33:53.847+02:00  INFO 34272 --- [AllianceSeedsApi] [main] o.a.c.c.C.[.[localhost].[/api/v1]        : Initializing Spring embedded WebApplicationContext
2025-02-23T19:33:53.847+02:00  INFO 34272 --- [AllianceSeedsApi] [main] w.s.c.ServletWebServerApplicationContext : Root WebApplicationContext: initialization completed in 3993 ms
2025-02-23T19:33:54.355+02:00  INFO 34272 --- [AllianceSeedsApi] [main] o.f.c.internal.license.VersionPrinter    : Flyway Community Edition 9.22.3 by Redgate
2025-02-23T19:33:54.355+02:00  INFO 34272 --- [AllianceSeedsApi] [main] o.f.c.internal.license.VersionPrinter    : See release notes here: https://rd.gt/416ObMi
2025-02-23T19:33:54.355+02:00  INFO 34272 --- [AllianceSeedsApi] [main] o.f.c.internal.license.VersionPrinter    : 
2025-02-23T19:33:54.428+02:00  INFO 34272 --- [AllianceSeedsApi] [main] org.flywaydb.core.FlywayExecutor         : Database: jdbc:postgresql://localhost:5432/allianceSeeds (PostgreSQL 14.13)
2025-02-23T19:33:54.601+02:00  INFO 34272 --- [AllianceSeedsApi] [main] o.f.core.internal.command.DbValidate     : Successfully validated 1 migration (execution time 00:00.099s)
2025-02-23T19:33:54.708+02:00  INFO 34272 --- [AllianceSeedsApi] [main] o.f.core.internal.command.DbMigrate      : Current version of schema "public": 1
2025-02-23T19:33:54.719+02:00  INFO 34272 --- [AllianceSeedsApi] [main] o.f.core.internal.command.DbMigrate      : Schema "public" is up to date. No migration necessary.
2025-02-23T19:33:54.898+02:00  INFO 34272 --- [AllianceSeedsApi] [main] com.zaxxer.hikari.HikariDataSource       : HikariPool-1 - Starting...
2025-02-23T19:33:54.973+02:00  INFO 34272 --- [AllianceSeedsApi] [main] com.zaxxer.hikari.pool.HikariPool        : HikariPool-1 - Added connection org.postgresql.jdbc.PgConnection@7c9beb51
2025-02-23T19:33:54.982+02:00  INFO 34272 --- [AllianceSeedsApi] [main] com.zaxxer.hikari.HikariDataSource       : HikariPool-1 - Start completed.
2025-02-23T19:33:55.098+02:00  INFO 34272 --- [AllianceSeedsApi] [main] o.hibernate.jpa.internal.util.LogHelper  : HHH000204: Processing PersistenceUnitInfo [name: default]
2025-02-23T19:33:55.328+02:00  INFO 34272 --- [AllianceSeedsApi] [main] org.hibernate.Version                    : HHH000412: Hibernate ORM core version 6.4.4.Final
2025-02-23T19:33:55.476+02:00  INFO 34272 --- [AllianceSeedsApi] [main] o.h.c.internal.RegionFactoryInitiator    : HHH000026: Second-level cache disabled
2025-02-23T19:33:56.145+02:00  INFO 34272 --- [AllianceSeedsApi] [main] o.s.o.j.p.SpringPersistenceUnitInfo      : No LoadTimeWeaver setup: ignoring JPA class transformer
2025-02-23T19:33:59.339+02:00  INFO 34272 --- [AllianceSeedsApi] [main] o.h.e.t.j.p.i.JtaPlatformInitiator       : HHH000489: No JTA platform available (set 'hibernate.transaction.jta.platform' to enable JTA platform integration)
2025-02-23T19:33:59.483+02:00  INFO 34272 --- [AllianceSeedsApi] [main] j.LocalContainerEntityManagerFactoryBean : Initialized JPA EntityManagerFactory for persistence unit 'default'
2025-02-23T19:34:00.872+02:00  WARN 34272 --- [AllianceSeedsApi] [main] JpaBaseConfiguration$JpaWebConfiguration : spring.jpa.open-in-view is enabled by default. Therefore, database queries may be performed during view rendering. Explicitly configure spring.jpa.open-in-view to disable this warning
2025-02-23T19:34:02.024+02:00  INFO 34272 --- [AllianceSeedsApi] [main] o.s.s.web.DefaultSecurityFilterChain     : Will secure any request with [org.springframework.security.web.session.DisableEncodeUrlFilter@c2ddfeb, org.springframework.security.web.context.request.async.WebAsyncManagerIntegrationFilter@12921ee1, org.springframework.security.web.context.SecurityContextHolderFilter@462deb2b, org.springframework.security.web.header.HeaderWriterFilter@2688b2be, org.springframework.web.filter.CorsFilter@7695184b, org.springframework.security.web.authentication.logout.LogoutFilter@3b4b2c03, org.springframework.security.oauth2.server.resource.web.authentication.BearerTokenAuthenticationFilter@189f9f9f, org.springframework.security.web.savedrequest.RequestCacheAwareFilter@13563e64, org.springframework.security.web.servletapi.SecurityContextHolderAwareRequestFilter@1f062e10, org.springframework.security.web.authentication.AnonymousAuthenticationFilter@29390110, org.springframework.security.web.session.SessionManagementFilter@c3e5e3c, org.springframework.security.web.access.ExceptionTranslationFilter@38276668, org.springframework.security.web.access.intercept.AuthorizationFilter@689fe2a3]
2025-02-23T19:34:02.692+02:00  INFO 34272 --- [AllianceSeedsApi] [main] o.s.b.w.embedded.tomcat.TomcatWebServer  : Tomcat started on port 9091 (http) with context path '/api/v1'
2025-02-23T19:34:02.706+02:00  INFO 34272 --- [AllianceSeedsApi] [main] c.allianceseeds.api.BackendApplication   : Started BackendApplication in 13.816 seconds (process running for 14.242)
2025-02-23T19:34:07.978+02:00  INFO 34272 --- [AllianceSeedsApi] [http-nio-9091-exec-1] o.a.c.c.C.[.[localhost].[/api/v1]        : Initializing Spring DispatcherServlet 'dispatcherServlet'
2025-02-23T19:34:07.979+02:00  INFO 34272 --- [AllianceSeedsApi] [http-nio-9091-exec-1] o.s.web.servlet.DispatcherServlet        : Initializing Servlet 'dispatcherServlet'
2025-02-23T19:34:07.981+02:00  INFO 34272 --- [AllianceSeedsApi] [http-nio-9091-exec-1] o.s.web.servlet.DispatcherServlet        : Completed initialization in 1 ms
2025-02-23T19:36:13.525+02:00  INFO 34272 --- [AllianceSeedsApi] [SpringApplicationShutdownHook] j.LocalContainerEntityManagerFactoryBean : Closing JPA EntityManagerFactory for persistence unit 'default'
2025-02-23T19:36:13.529+02:00  INFO 34272 --- [AllianceSeedsApi] [SpringApplicationShutdownHook] com.zaxxer.hikari.HikariDataSource       : HikariPool-1 - Shutdown initiated...
2025-02-23T19:36:13.535+02:00  INFO 34272 --- [AllianceSeedsApi] [SpringApplicationShutdownHook] com.zaxxer.hikari.HikariDataSource       : HikariPool-1 - Shutdown completed.
